{
  "RSpec": {
    "coverage": {
      "/Users/ccorrigan/turing/2module/read_aloud_app/app/helpers/application_helper.rb": [
        1,
        null
      ],
      "/Users/ccorrigan/turing/2module/read_aloud_app/app/models/classroom.rb": [
        1,
        1,
        1,
        1,
        null,
        1,
        1,
        1,
        null
      ],
      "/Users/ccorrigan/turing/2module/read_aloud_app/app/models/application_record.rb": [
        1,
        1,
        null
      ],
      "/Users/ccorrigan/turing/2module/read_aloud_app/app/models/event.rb": [
        1,
        1,
        1,
        1,
        null,
        1,
        null
      ],
      "/Users/ccorrigan/turing/2module/read_aloud_app/app/models/school.rb": [
        1,
        1,
        1,
        1,
        null
      ],
      "/Users/ccorrigan/turing/2module/read_aloud_app/app/models/user_classroom.rb": [
        1,
        1,
        1,
        1,
        null,
        1,
        59,
        null,
        null
      ],
      "/Users/ccorrigan/turing/2module/read_aloud_app/app/models/user.rb": [
        1,
        1,
        1,
        1,
        1,
        1,
        1,
        null,
        1,
        1,
        null,
        1,
        1,
        1,
        null,
        1,
        26,
        null,
        null
      ],
      "/Users/ccorrigan/turing/2module/read_aloud_app/app/controllers/sessions_controller.rb": [
        1,
        null,
        1,
        127,
        null,
        null,
        1,
        114,
        114,
        107,
        107,
        null,
        7,
        7,
        null,
        null,
        null,
        1,
        6,
        null,
        6,
        null,
        null
      ],
      "/Users/ccorrigan/turing/2module/read_aloud_app/app/controllers/application_controller.rb": [
        1,
        1,
        1,
        null,
        1,
        4380,
        null,
        null,
        1,
        175,
        null,
        null,
        1,
        175,
        null,
        null,
        1,
        105,
        9,
        null,
        null,
        null,
        1,
        105,
        null,
        null
      ],
      "/Users/ccorrigan/turing/2module/read_aloud_app/app/controllers/users_controller.rb": [
        1,
        1,
        1,
        null,
        1,
        12,
        null,
        null,
        1,
        5,
        null,
        null,
        1,
        107,
        null,
        null,
        1,
        5,
        5,
        5,
        5,
        null,
        0,
        null,
        null,
        null,
        1,
        24,
        null,
        null,
        1,
        null,
        null,
        1,
        4,
        4,
        null,
        0,
        null,
        null,
        null,
        1,
        4,
        4,
        null,
        null,
        1,
        null,
        1,
        9,
        null,
        null
      ],
      "/Users/ccorrigan/turing/2module/read_aloud_app/app/controllers/staff/dashboards_controller.rb": [
        1,
        null,
        1,
        null,
        null
      ],
      "/Users/ccorrigan/turing/2module/read_aloud_app/app/controllers/staff/base_controller.rb": [
        1,
        1,
        null
      ],
      "/Users/ccorrigan/turing/2module/read_aloud_app/app/controllers/profiles_controller.rb": [
        1,
        1,
        1,
        null,
        1,
        33,
        null,
        null
      ],
      "/Users/ccorrigan/turing/2module/read_aloud_app/app/controllers/user_classrooms_controller.rb": [
        1,
        1,
        null,
        null,
        1,
        2,
        2,
        null,
        null,
        1,
        null,
        1,
        2,
        null,
        null,
        null
      ],
      "/Users/ccorrigan/turing/2module/read_aloud_app/app/controllers/staff/schools_controller.rb": [
        1,
        1,
        null,
        1,
        26,
        null,
        null,
        1,
        18,
        null,
        null,
        1,
        2,
        null,
        null,
        1,
        2,
        2,
        2,
        null,
        0,
        null,
        null,
        null,
        1,
        20,
        null,
        null,
        1,
        null,
        null,
        1,
        2,
        2,
        null,
        0,
        null,
        null,
        null,
        1,
        2,
        2,
        null,
        null,
        1,
        null,
        1,
        4,
        null,
        null
      ],
      "/Users/ccorrigan/turing/2module/read_aloud_app/app/controllers/staff/classrooms_controller.rb": [
        1,
        1,
        null,
        1,
        6,
        null,
        null,
        1,
        2,
        null,
        null,
        1,
        2,
        2,
        2,
        2,
        null,
        0,
        null,
        null,
        null,
        1,
        null,
        null,
        1,
        2,
        2,
        null,
        0,
        null,
        null,
        null,
        1,
        2,
        2,
        2,
        null,
        null,
        1,
        null,
        1,
        4,
        null,
        null
      ],
      "/Users/ccorrigan/turing/2module/read_aloud_app/app/controllers/events_controller.rb": [
        1,
        1,
        1,
        null,
        1,
        8,
        null,
        null,
        1,
        5,
        5,
        5,
        null,
        0,
        null,
        null,
        null,
        1,
        19,
        null,
        null,
        1,
        18,
        null,
        null,
        1,
        3,
        3,
        null,
        3,
        null,
        null,
        1,
        5,
        null,
        null,
        null,
        1,
        5,
        5,
        5,
        null,
        0,
        null,
        null,
        null,
        1,
        null,
        1,
        10,
        null,
        null
      ],
      "/Users/ccorrigan/turing/2module/read_aloud_app/app/controllers/staff/events_controller.rb": [
        1,
        null,
        1,
        8,
        null,
        null,
        1,
        2,
        2,
        null,
        2,
        null,
        null
      ],
      "/Users/ccorrigan/turing/2module/read_aloud_app/app/channels/application_cable/channel.rb": [
        0,
        0,
        0,
        0
      ],
      "/Users/ccorrigan/turing/2module/read_aloud_app/app/channels/application_cable/connection.rb": [
        0,
        0,
        0,
        0
      ],
      "/Users/ccorrigan/turing/2module/read_aloud_app/app/jobs/application_job.rb": [
        0,
        0
      ],
      "/Users/ccorrigan/turing/2module/read_aloud_app/app/mailers/application_mailer.rb": [
        0,
        0,
        0,
        0
      ]
    },
    "timestamp": 1499093399
  }
}
